UERANSIM v3.2.6
[2023-01-29 19:55:48.556] [nas] [info] UE switches to state [MM-DEREGISTERED/PLMN-SEARCH]
[2023-01-29 19:55:48.557] [rrc] [debug] New signal detected for cell[1], total [1] cells in coverage
[2023-01-29 19:55:48.557] [nas] [info] Selected plmn[208/93]
[2023-01-29 19:55:48.557] [rrc] [info] Selected cell plmn[208/93] tac[1] category[SUITABLE]
[2023-01-29 19:55:48.557] [nas] [info] UE switches to state [MM-DEREGISTERED/PS]
[2023-01-29 19:55:48.557] [nas] [info] UE switches to state [MM-DEREGISTERED/NORMAL-SERVICE]
[2023-01-29 19:55:48.557] [nas] [debug] Initial registration required due to [MM-DEREG-NORMAL-SERVICE]
[2023-01-29 19:55:48.557] [nas] [debug] UAC access attempt is allowed for identity[0], category[MO_sig]
[2023-01-29 19:55:48.557] [nas] [debug] Sending Initial Registration
[2023-01-29 19:55:48.557] [nas] [info] UE switches to state [MM-REGISTER-INITIATED]
[2023-01-29 19:55:48.557] [rrc] [debug] Sending RRC Setup Request
[2023-01-29 19:55:48.557] [rrc] [info] RRC connection established
[2023-01-29 19:55:48.557] [rrc] [info] UE switches to state [RRC-CONNECTED]
[2023-01-29 19:55:48.557] [nas] [info] UE switches to state [CM-CONNECTED]
[2023-01-29 19:55:48.575] [nas] [debug] Authentication Request received
[2023-01-29 19:55:48.583] [nas] [debug] Security Mode Command received
[2023-01-29 19:55:48.583] [nas] [debug] Selected integrity[2] ciphering[0]
[2023-01-29 19:55:48.610] [nas] [debug] Registration accept received
[2023-01-29 19:55:48.610] [nas] [info] UE switches to state [MM-REGISTERED/NORMAL-SERVICE]
[2023-01-29 19:55:48.610] [nas] [debug] Sending Registration Complete
[2023-01-29 19:55:48.610] [nas] [info] Initial Registration is successful
[2023-01-29 19:55:48.610] [nas] [debug] Sending PDU Session Establishment Request
[2023-01-29 19:55:48.610] [nas] [debug] UAC access attempt is allowed for identity[0], category[MO_sig]
[2023-01-29 19:55:48.849] [nas] [debug] PDU Session Establishment Accept received
[2023-01-29 19:55:48.850] [nas] [info] PDU Session establishment is successful PSI[1]
[2023-01-29 19:55:48.866] [app] [info] Connection setup for PDU session[1] is successful, TUN interface[uesimtun0, 10.60.0.10] is up.
[2023-01-29 19:55:50.574] [nas] [debug] De-registration required due to [NORMAL]
[2023-01-29 19:55:50.584] [nas] [debug] Starting de-registration procedure due to [NORMAL]
[2023-01-29 19:55:50.584] [nas] [debug] Performing local release of PDU session[1]
[2023-01-29 19:55:50.584] [nas] [info] UE switches to state [MM-DEREGISTER-INITIATED]
[2023-01-29 19:55:50.591] [nas] [debug] De-registration accept received
[2023-01-29 19:55:50.591] [nas] [info] UE switches to state [MM-DEREGISTERED/PS]
[2023-01-29 19:55:50.591] [nas] [info] De-registration is successful
[2023-01-29 19:55:50.591] [nas] [info] UE switches to state [MM-DEREGISTERED/NORMAL-SERVICE]
[2023-01-29 19:55:50.591] [nas] [debug] Initial registration required due to [MM-DEREG-NORMAL-SERVICE]
[2023-01-29 19:55:50.591] [nas] [debug] Sending Initial Registration
[2023-01-29 19:55:50.592] [nas] [debug] Deleting NAS security context
[2023-01-29 19:55:50.592] [nas] [info] UE switches to state [MM-REGISTER-INITIATED]
[2023-01-29 19:55:50.592] [rrc] [debug] RRC Release received
[2023-01-29 19:55:50.592] [nas] [info] UE switches to state [CM-IDLE]
[2023-01-29 19:55:50.592] [nas] [info] UE switches to state [MM-DEREGISTERED/PS]
[2023-01-29 19:55:50.592] [nas] [info] UE switches to state [5U2-NOT-UPDATED]
[2023-01-29 19:55:50.592] [nas] [info] UE switches to state [MM-DEREGISTERED/ATTEMPTING-REGISTRATION]
[2023-01-29 19:56:01.569] [nas] [debug] NAS timer[3511] expired [1]
[2023-01-29 19:56:01.570] [nas] [debug] Initial registration required due to [T3511-EXPIRY-IN-ATT-REG]
[2023-01-29 19:56:01.570] [nas] [debug] UAC access attempt is allowed for identity[0], category[MO_sig]
[2023-01-29 19:56:01.570] [nas] [debug] Sending Initial Registration
[2023-01-29 19:56:01.570] [nas] [info] UE switches to state [MM-REGISTER-INITIATED]
[2023-01-29 19:56:01.570] [rrc] [debug] Sending RRC Setup Request
[2023-01-29 19:56:01.570] [rrc] [info] RRC connection established
[2023-01-29 19:56:01.570] [rrc] [info] UE switches to state [RRC-CONNECTED]
[2023-01-29 19:56:01.570] [nas] [info] UE switches to state [CM-CONNECTED]
[2023-01-29 19:56:01.591] [nas] [debug] Authentication Request received
[2023-01-29 19:56:01.598] [nas] [debug] Security Mode Command received
[2023-01-29 19:56:01.598] [nas] [debug] Selected integrity[2] ciphering[0]
[2023-01-29 19:56:01.624] [nas] [debug] Registration accept received
[2023-01-29 19:56:01.624] [nas] [info] UE switches to state [MM-REGISTERED/NORMAL-SERVICE]
[2023-01-29 19:56:01.624] [nas] [info] UE switches to state [5U1-UPDATED]
[2023-01-29 19:56:01.624] [nas] [debug] Sending Registration Complete
[2023-01-29 19:56:01.624] [nas] [info] Initial Registration is successful
[2023-01-29 19:56:01.624] [nas] [debug] Sending PDU Session Establishment Request
[2023-01-29 19:56:01.629] [nas] [debug] UAC access attempt is allowed for identity[0], category[MO_sig]
[2023-01-29 19:56:01.856] [nas] [debug] PDU Session Establishment Accept received
[2023-01-29 19:56:01.856] [nas] [info] PDU Session establishment is successful PSI[1]
[2023-01-29 19:56:01.875] [app] [info] Connection setup for PDU session[1] is successful, TUN interface[uesimtun0, 10.60.0.11] is up.
[2023-01-29 19:56:05.602] [nas] [debug] Sending PDU Session Establishment Request
[2023-01-29 19:56:05.703] [nas] [error] No response from RRC from UAC checks, considering access attempt is barred
[2023-01-29 19:56:22.590] [nas] [warning] Retransmitting PDU Session Establishment Request due to T3580 expiry
[2023-01-29 19:56:22.590] [nas] [debug] UAC access attempt is allowed for identity[0], category[MO_sig]
[2023-01-29 19:56:22.624] [nas] [debug] PDU Session Establishment Accept received
[2023-01-29 19:56:22.624] [nas] [info] PDU Session establishment is successful PSI[2]
[2023-01-29 19:56:22.641] [app] [info] Connection setup for PDU session[2] is successful, TUN interface[uesimtun1, 10.60.0.12] is up.
[2023-01-29 19:56:25.737] [nas] [debug] De-registration required due to [NORMAL]
[2023-01-29 19:56:25.747] [nas] [debug] Starting de-registration procedure due to [NORMAL]
[2023-01-29 19:56:25.747] [nas] [debug] Performing local release of PDU session[1]
[2023-01-29 19:56:25.747] [nas] [debug] Performing local release of PDU session[2]
[2023-01-29 19:56:25.747] [nas] [info] UE switches to state [MM-DEREGISTER-INITIATED]
[2023-01-29 19:56:25.761] [nas] [debug] De-registration accept received
[2023-01-29 19:56:25.761] [nas] [info] UE switches to state [MM-DEREGISTERED/PS]
[2023-01-29 19:56:25.761] [nas] [info] De-registration is successful
[2023-01-29 19:56:25.761] [nas] [info] UE switches to state [MM-DEREGISTERED/NORMAL-SERVICE]
[2023-01-29 19:56:25.761] [nas] [debug] Initial registration required due to [MM-DEREG-NORMAL-SERVICE]
[2023-01-29 19:56:25.761] [nas] [debug] Sending Initial Registration
[2023-01-29 19:56:25.761] [nas] [debug] Deleting NAS security context
[2023-01-29 19:56:25.761] [nas] [info] UE switches to state [MM-REGISTER-INITIATED]
[2023-01-29 19:56:25.761] [rrc] [debug] RRC Release received
[2023-01-29 19:56:25.762] [nas] [info] UE switches to state [CM-IDLE]
[2023-01-29 19:56:25.762] [nas] [info] UE switches to state [MM-DEREGISTERED/PS]
[2023-01-29 19:56:25.762] [nas] [info] UE switches to state [5U2-NOT-UPDATED]
[2023-01-29 19:56:25.762] [nas] [info] UE switches to state [MM-DEREGISTERED/ATTEMPTING-REGISTRATION]
[2023-01-29 19:56:36.604] [nas] [debug] NAS timer[3511] expired [1]
[2023-01-29 19:56:36.604] [nas] [debug] Initial registration required due to [T3511-EXPIRY-IN-ATT-REG]
[2023-01-29 19:56:36.604] [nas] [debug] UAC access attempt is allowed for identity[0], category[MO_sig]
[2023-01-29 19:56:36.604] [nas] [debug] Sending Initial Registration
[2023-01-29 19:56:36.604] [nas] [info] UE switches to state [MM-REGISTER-INITIATED]
[2023-01-29 19:56:36.604] [rrc] [debug] Sending RRC Setup Request
[2023-01-29 19:56:36.604] [rrc] [info] RRC connection established
[2023-01-29 19:56:36.604] [rrc] [info] UE switches to state [RRC-CONNECTED]
[2023-01-29 19:56:36.604] [nas] [info] UE switches to state [CM-CONNECTED]
[2023-01-29 19:56:36.620] [nas] [debug] Authentication Request received
[2023-01-29 19:56:36.627] [nas] [debug] Security Mode Command received
[2023-01-29 19:56:36.627] [nas] [debug] Selected integrity[2] ciphering[0]
[2023-01-29 19:56:36.657] [nas] [debug] Registration accept received
[2023-01-29 19:56:36.657] [nas] [info] UE switches to state [MM-REGISTERED/NORMAL-SERVICE]
[2023-01-29 19:56:36.657] [nas] [info] UE switches to state [5U1-UPDATED]
[2023-01-29 19:56:36.657] [nas] [debug] Sending Registration Complete
[2023-01-29 19:56:36.657] [nas] [info] Initial Registration is successful
[2023-01-29 19:56:36.657] [nas] [debug] Sending PDU Session Establishment Request
[2023-01-29 19:56:36.657] [nas] [debug] UAC access attempt is allowed for identity[0], category[MO_sig]
[2023-01-29 19:56:36.903] [nas] [debug] PDU Session Establishment Accept received
[2023-01-29 19:56:36.903] [nas] [info] PDU Session establishment is successful PSI[1]
[2023-01-29 19:56:36.919] [app] [info] Connection setup for PDU session[1] is successful, TUN interface[uesimtun0, 10.60.0.13] is up.
[2023-01-29 19:56:40.768] [nas] [debug] Sending PDU Session Establishment Request
[2023-01-29 19:56:40.869] [nas] [error] No response from RRC from UAC checks, considering access attempt is barred
[2023-01-29 19:56:57.625] [nas] [warning] Retransmitting PDU Session Establishment Request due to T3580 expiry
[2023-01-29 19:56:57.628] [nas] [debug] UAC access attempt is allowed for identity[0], category[MO_sig]
[2023-01-29 19:56:57.658] [nas] [debug] PDU Session Establishment Accept received
[2023-01-29 19:56:57.668] [nas] [info] PDU Session establishment is successful PSI[2]
[2023-01-29 19:56:57.699] [app] [info] Connection setup for PDU session[2] is successful, TUN interface[uesimtun1, 10.60.0.14] is up.
[2023-01-29 19:57:00.907] [nas] [debug] Sending PDU Session Establishment Request
[2023-01-29 19:57:01.008] [nas] [error] No response from RRC from UAC checks, considering access attempt is barred
[2023-01-29 19:57:17.650] [nas] [warning] Retransmitting PDU Session Establishment Request due to T3580 expiry
[2023-01-29 19:57:17.650] [nas] [debug] UAC access attempt is allowed for identity[0], category[MO_sig]
[2023-01-29 19:57:17.682] [nas] [debug] PDU Session Establishment Accept received
[2023-01-29 19:57:17.682] [nas] [info] PDU Session establishment is successful PSI[3]
[2023-01-29 19:57:17.704] [app] [info] Connection setup for PDU session[3] is successful, TUN interface[uesimtun2, 10.60.0.15] is up.
[2023-01-29 19:57:21.038] [nas] [debug] Sending PDU Session Establishment Request
[2023-01-29 19:57:21.139] [nas] [error] No response from RRC from UAC checks, considering access attempt is barred
